[15:54:14] [main/INFO] [GradleStart]: No arguments specified, assuming client.
[15:54:14] [main/INFO] [GradleStart]: Extra: []
[15:54:14] [main/INFO] [GradleStart]: Running with arguments: [--userProperties, {}, --username, ForgeDevName, --tweakClass, cpw.mods.fml.common.launcher.FMLTweaker, --accessToken, {REDACTED}, --assetIndex, 1.7.10, --assetsDir, /Users/adamwarren/.gradle/caches/minecraft/assets, --version, 1.7.10]
[15:54:14] [main/INFO] [LaunchWrapper]: Loading tweak class name cpw.mods.fml.common.launcher.FMLTweaker
[15:54:14] [main/INFO] [LaunchWrapper]: Using primary tweak class name cpw.mods.fml.common.launcher.FMLTweaker
[15:54:14] [main/INFO] [LaunchWrapper]: Calling tweak class cpw.mods.fml.common.launcher.FMLTweaker
[16:26:09] [main/INFO] [GradleStart]: No arguments specified, assuming client.
[16:26:09] [main/INFO] [GradleStart]: Extra: []
[16:26:09] [main/INFO] [GradleStart]: Running with arguments: [--userProperties, {}, --username, ForgeDevName, --tweakClass, cpw.mods.fml.common.launcher.FMLTweaker, --accessToken, {REDACTED}, --assetIndex, 1.7.10, --assetsDir, /Users/adamwarren/.gradle/caches/minecraft/assets, --version, 1.7.10]
[16:26:10] [main/INFO] [LaunchWrapper]: Loading tweak class name cpw.mods.fml.common.launcher.FMLTweaker
[16:26:10] [main/INFO] [LaunchWrapper]: Using primary tweak class name cpw.mods.fml.common.launcher.FMLTweaker
[16:26:10] [main/INFO] [LaunchWrapper]: Calling tweak class cpw.mods.fml.common.launcher.FMLTweaker
[22:35:48] [main/INFO] [GradleStart]: No arguments specified, assuming client.
[22:35:48] [main/INFO] [GradleStart]: Extra: []
[22:35:48] [main/INFO] [GradleStart]: Running with arguments: [--userProperties, {}, --username, ForgeDevName, --tweakClass, cpw.mods.fml.common.launcher.FMLTweaker, --accessToken, {REDACTED}, --assetIndex, 1.7.10, --assetsDir, /Users/adamwarren/.gradle/caches/minecraft/assets, --version, 1.7.10]
[22:35:49] [main/INFO] [LaunchWrapper]: Loading tweak class name cpw.mods.fml.common.launcher.FMLTweaker
[22:35:49] [main/INFO] [LaunchWrapper]: Using primary tweak class name cpw.mods.fml.common.launcher.FMLTweaker
[22:35:49] [main/INFO] [LaunchWrapper]: Calling tweak class cpw.mods.fml.common.launcher.FMLTweaker
[22:52:38] [main/INFO] [GradleStart]: No arguments specified, assuming client.
[22:52:38] [main/INFO] [GradleStart]: Extra: []
[22:52:38] [main/INFO] [GradleStart]: Running with arguments: [--userProperties, {}, --username, ForgeDevName, --tweakClass, cpw.mods.fml.common.launcher.FMLTweaker, --accessToken, {REDACTED}, --assetIndex, 1.7.10, --assetsDir, /Users/adamwarren/.gradle/caches/minecraft/assets, --version, 1.7.10]
[22:52:38] [main/INFO] [LaunchWrapper]: Loading tweak class name cpw.mods.fml.common.launcher.FMLTweaker
[22:52:38] [main/INFO] [LaunchWrapper]: Using primary tweak class name cpw.mods.fml.common.launcher.FMLTweaker
[22:52:38] [main/INFO] [LaunchWrapper]: Calling tweak class cpw.mods.fml.common.launcher.FMLTweaker
[22:54:06] [main/INFO] [GradleStart]: No arguments specified, assuming client.
[22:54:06] [main/INFO] [GradleStart]: Extra: []
[22:54:06] [main/INFO] [GradleStart]: Running with arguments: [--userProperties, {}, --username, ForgeDevName, --tweakClass, cpw.mods.fml.common.launcher.FMLTweaker, --accessToken, {REDACTED}, --assetIndex, 1.7.10, --assetsDir, /Users/adamwarren/.gradle/caches/minecraft/assets, --version, 1.7.10]
[22:54:06] [main/INFO] [LaunchWrapper]: Loading tweak class name cpw.mods.fml.common.launcher.FMLTweaker
[22:54:06] [main/INFO] [LaunchWrapper]: Using primary tweak class name cpw.mods.fml.common.launcher.FMLTweaker
[22:54:06] [main/INFO] [LaunchWrapper]: Calling tweak class cpw.mods.fml.common.launcher.FMLTweaker
[22:57:06] [main/INFO] [GradleStart]: No arguments specified, assuming client.
[22:57:06] [main/INFO] [GradleStart]: Extra: []
[22:57:06] [main/INFO] [GradleStart]: Running with arguments: [--userProperties, {}, --username, ForgeDevName, --tweakClass, cpw.mods.fml.common.launcher.FMLTweaker, --accessToken, {REDACTED}, --assetIndex, 1.7.10, --assetsDir, /Users/adamwarren/.gradle/caches/minecraft/assets, --version, 1.7.10]
[22:57:06] [main/INFO] [LaunchWrapper]: Loading tweak class name cpw.mods.fml.common.launcher.FMLTweaker
[22:57:06] [main/INFO] [LaunchWrapper]: Using primary tweak class name cpw.mods.fml.common.launcher.FMLTweaker
[22:57:06] [main/INFO] [LaunchWrapper]: Calling tweak class cpw.mods.fml.common.launcher.FMLTweaker
[22:59:22] [main/INFO] [GradleStart]: No arguments specified, assuming client.
[22:59:22] [main/INFO] [GradleStart]: Extra: []
[22:59:22] [main/INFO] [GradleStart]: Running with arguments: [--userProperties, {}, --username, ForgeDevName, --tweakClass, cpw.mods.fml.common.launcher.FMLTweaker, --accessToken, {REDACTED}, --assetIndex, 1.7.10, --assetsDir, /Users/adamwarren/.gradle/caches/minecraft/assets, --version, 1.7.10]
[22:59:22] [main/INFO] [LaunchWrapper]: Loading tweak class name cpw.mods.fml.common.launcher.FMLTweaker
[22:59:22] [main/INFO] [LaunchWrapper]: Using primary tweak class name cpw.mods.fml.common.launcher.FMLTweaker
[22:59:22] [main/INFO] [LaunchWrapper]: Calling tweak class cpw.mods.fml.common.launcher.FMLTweaker
[23:01:25] [main/INFO] [GradleStart]: No arguments specified, assuming client.
[23:01:25] [main/INFO] [GradleStart]: Extra: []
[23:01:25] [main/INFO] [GradleStart]: Running with arguments: [--userProperties, {}, --username, ForgeDevName, --tweakClass, cpw.mods.fml.common.launcher.FMLTweaker, --accessToken, {REDACTED}, --assetIndex, 1.7.10, --assetsDir, /Users/adamwarren/.gradle/caches/minecraft/assets, --version, 1.7.10]
[23:01:25] [main/INFO] [LaunchWrapper]: Loading tweak class name cpw.mods.fml.common.launcher.FMLTweaker
[23:01:25] [main/INFO] [LaunchWrapper]: Using primary tweak class name cpw.mods.fml.common.launcher.FMLTweaker
[23:01:25] [main/INFO] [LaunchWrapper]: Calling tweak class cpw.mods.fml.common.launcher.FMLTweaker
[23:04:18] [main/INFO] [GradleStart]: No arguments specified, assuming client.
[23:04:18] [main/INFO] [GradleStart]: Extra: []
[23:04:18] [main/INFO] [GradleStart]: Running with arguments: [--userProperties, {}, --username, ForgeDevName, --tweakClass, cpw.mods.fml.common.launcher.FMLTweaker, --accessToken, {REDACTED}, --assetIndex, 1.7.10, --assetsDir, /Users/adamwarren/.gradle/caches/minecraft/assets, --version, 1.7.10]
[23:04:19] [main/INFO] [LaunchWrapper]: Loading tweak class name cpw.mods.fml.common.launcher.FMLTweaker
[23:04:19] [main/INFO] [LaunchWrapper]: Using primary tweak class name cpw.mods.fml.common.launcher.FMLTweaker
[23:04:19] [main/INFO] [LaunchWrapper]: Calling tweak class cpw.mods.fml.common.launcher.FMLTweaker
[23:07:03] [main/INFO] [GradleStart]: No arguments specified, assuming client.
[23:07:03] [main/INFO] [GradleStart]: Extra: []
[23:07:03] [main/INFO] [GradleStart]: Running with arguments: [--userProperties, {}, --username, ForgeDevName, --tweakClass, cpw.mods.fml.common.launcher.FMLTweaker, --accessToken, {REDACTED}, --assetIndex, 1.7.10, --assetsDir, /Users/adamwarren/.gradle/caches/minecraft/assets, --version, 1.7.10]
[23:07:03] [main/INFO] [LaunchWrapper]: Loading tweak class name cpw.mods.fml.common.launcher.FMLTweaker
[23:07:03] [main/INFO] [LaunchWrapper]: Using primary tweak class name cpw.mods.fml.common.launcher.FMLTweaker
[23:07:03] [main/INFO] [LaunchWrapper]: Calling tweak class cpw.mods.fml.common.launcher.FMLTweaker
[23:09:17] [main/INFO] [GradleStart]: No arguments specified, assuming client.
[23:09:18] [main/INFO] [GradleStart]: Extra: []
[23:09:18] [main/INFO] [GradleStart]: Running with arguments: [--userProperties, {}, --username, ForgeDevName, --tweakClass, cpw.mods.fml.common.launcher.FMLTweaker, --accessToken, {REDACTED}, --assetIndex, 1.7.10, --assetsDir, /Users/adamwarren/.gradle/caches/minecraft/assets, --version, 1.7.10]
[23:09:18] [main/INFO] [LaunchWrapper]: Loading tweak class name cpw.mods.fml.common.launcher.FMLTweaker
[23:09:18] [main/INFO] [LaunchWrapper]: Using primary tweak class name cpw.mods.fml.common.launcher.FMLTweaker
[23:09:18] [main/INFO] [LaunchWrapper]: Calling tweak class cpw.mods.fml.common.launcher.FMLTweaker
[23:12:26] [main/INFO] [GradleStart]: No arguments specified, assuming client.
[23:12:26] [main/INFO] [GradleStart]: Extra: []
[23:12:26] [main/INFO] [GradleStart]: Running with arguments: [--userProperties, {}, --username, ForgeDevName, --tweakClass, cpw.mods.fml.common.launcher.FMLTweaker, --accessToken, {REDACTED}, --assetIndex, 1.7.10, --assetsDir, /Users/adamwarren/.gradle/caches/minecraft/assets, --version, 1.7.10]
[23:12:26] [main/INFO] [LaunchWrapper]: Loading tweak class name cpw.mods.fml.common.launcher.FMLTweaker
[23:12:26] [main/INFO] [LaunchWrapper]: Using primary tweak class name cpw.mods.fml.common.launcher.FMLTweaker
[23:12:26] [main/INFO] [LaunchWrapper]: Calling tweak class cpw.mods.fml.common.launcher.FMLTweaker
[23:13:33] [main/INFO] [GradleStart]: No arguments specified, assuming client.
[23:13:33] [main/INFO] [GradleStart]: Extra: []
[23:13:33] [main/INFO] [GradleStart]: Running with arguments: [--userProperties, {}, --username, ForgeDevName, --tweakClass, cpw.mods.fml.common.launcher.FMLTweaker, --accessToken, {REDACTED}, --assetIndex, 1.7.10, --assetsDir, /Users/adamwarren/.gradle/caches/minecraft/assets, --version, 1.7.10]
[23:13:33] [main/INFO] [LaunchWrapper]: Loading tweak class name cpw.mods.fml.common.launcher.FMLTweaker
[23:13:33] [main/INFO] [LaunchWrapper]: Using primary tweak class name cpw.mods.fml.common.launcher.FMLTweaker
[23:13:33] [main/INFO] [LaunchWrapper]: Calling tweak class cpw.mods.fml.common.launcher.FMLTweaker
[23:18:26] [main/INFO] [GradleStart]: No arguments specified, assuming client.
[23:18:26] [main/INFO] [GradleStart]: Extra: []
[23:18:26] [main/INFO] [GradleStart]: Running with arguments: [--userProperties, {}, --username, ForgeDevName, --tweakClass, cpw.mods.fml.common.launcher.FMLTweaker, --accessToken, {REDACTED}, --assetIndex, 1.7.10, --assetsDir, /Users/adamwarren/.gradle/caches/minecraft/assets, --version, 1.7.10]
[23:18:26] [main/INFO] [LaunchWrapper]: Loading tweak class name cpw.mods.fml.common.launcher.FMLTweaker
[23:18:26] [main/INFO] [LaunchWrapper]: Using primary tweak class name cpw.mods.fml.common.launcher.FMLTweaker
[23:18:26] [main/INFO] [LaunchWrapper]: Calling tweak class cpw.mods.fml.common.launcher.FMLTweaker
[23:19:55] [main/INFO] [GradleStart]: No arguments specified, assuming client.
[23:19:55] [main/INFO] [GradleStart]: Extra: []
[23:19:56] [main/INFO] [GradleStart]: Running with arguments: [--userProperties, {}, --username, ForgeDevName, --tweakClass, cpw.mods.fml.common.launcher.FMLTweaker, --accessToken, {REDACTED}, --assetIndex, 1.7.10, --assetsDir, /Users/adamwarren/.gradle/caches/minecraft/assets, --version, 1.7.10]
[23:19:56] [main/INFO] [LaunchWrapper]: Loading tweak class name cpw.mods.fml.common.launcher.FMLTweaker
[23:19:56] [main/INFO] [LaunchWrapper]: Using primary tweak class name cpw.mods.fml.common.launcher.FMLTweaker
[23:19:56] [main/INFO] [LaunchWrapper]: Calling tweak class cpw.mods.fml.common.launcher.FMLTweaker
[23:21:28] [main/INFO] [GradleStart]: No arguments specified, assuming client.
[23:21:28] [main/INFO] [GradleStart]: Extra: []
[23:21:28] [main/INFO] [GradleStart]: Running with arguments: [--userProperties, {}, --username, ForgeDevName, --tweakClass, cpw.mods.fml.common.launcher.FMLTweaker, --accessToken, {REDACTED}, --assetIndex, 1.7.10, --assetsDir, /Users/adamwarren/.gradle/caches/minecraft/assets, --version, 1.7.10]
[23:21:28] [main/INFO] [LaunchWrapper]: Loading tweak class name cpw.mods.fml.common.launcher.FMLTweaker
[23:21:28] [main/INFO] [LaunchWrapper]: Using primary tweak class name cpw.mods.fml.common.launcher.FMLTweaker
[23:21:28] [main/INFO] [LaunchWrapper]: Calling tweak class cpw.mods.fml.common.launcher.FMLTweaker
[23:22:23] [main/INFO] [GradleStart]: No arguments specified, assuming client.
[23:22:23] [main/INFO] [GradleStart]: Extra: []
[23:22:23] [main/INFO] [GradleStart]: Running with arguments: [--userProperties, {}, --username, ForgeDevName, --tweakClass, cpw.mods.fml.common.launcher.FMLTweaker, --accessToken, {REDACTED}, --assetIndex, 1.7.10, --assetsDir, /Users/adamwarren/.gradle/caches/minecraft/assets, --version, 1.7.10]
[23:22:23] [main/INFO] [LaunchWrapper]: Loading tweak class name cpw.mods.fml.common.launcher.FMLTweaker
[23:22:23] [main/INFO] [LaunchWrapper]: Using primary tweak class name cpw.mods.fml.common.launcher.FMLTweaker
[23:22:23] [main/INFO] [LaunchWrapper]: Calling tweak class cpw.mods.fml.common.launcher.FMLTweaker
[11:19:18] [main/INFO] [GradleStart]: No arguments specified, assuming client.
[11:19:18] [main/INFO] [GradleStart]: Extra: []
[11:19:18] [main/INFO] [GradleStart]: Running with arguments: [--userProperties, {}, --username, ForgeDevName, --tweakClass, cpw.mods.fml.common.launcher.FMLTweaker, --accessToken, {REDACTED}, --assetIndex, 1.7.10, --assetsDir, /Users/adamwarren/.gradle/caches/minecraft/assets, --version, 1.7.10]
[11:19:18] [main/INFO] [LaunchWrapper]: Loading tweak class name cpw.mods.fml.common.launcher.FMLTweaker
[11:19:18] [main/INFO] [LaunchWrapper]: Using primary tweak class name cpw.mods.fml.common.launcher.FMLTweaker
[11:19:18] [main/INFO] [LaunchWrapper]: Calling tweak class cpw.mods.fml.common.launcher.FMLTweaker
[12:23:06] [main/INFO] [GradleStart]: No arguments specified, assuming client.
[12:23:06] [main/INFO] [GradleStart]: Extra: []
[12:23:06] [main/INFO] [GradleStart]: Running with arguments: [--userProperties, {}, --username, ForgeDevName, --tweakClass, cpw.mods.fml.common.launcher.FMLTweaker, --accessToken, {REDACTED}, --assetIndex, 1.7.10, --assetsDir, /Users/adamwarren/.gradle/caches/minecraft/assets, --version, 1.7.10]
[12:23:06] [main/INFO] [LaunchWrapper]: Loading tweak class name cpw.mods.fml.common.launcher.FMLTweaker
[12:23:06] [main/INFO] [LaunchWrapper]: Using primary tweak class name cpw.mods.fml.common.launcher.FMLTweaker
[12:23:06] [main/INFO] [LaunchWrapper]: Calling tweak class cpw.mods.fml.common.launcher.FMLTweaker
[12:27:11] [main/INFO] [GradleStart]: No arguments specified, assuming client.
[12:27:11] [main/INFO] [GradleStart]: Extra: []
[12:27:11] [main/INFO] [GradleStart]: Running with arguments: [--userProperties, {}, --username, ForgeDevName, --tweakClass, cpw.mods.fml.common.launcher.FMLTweaker, --accessToken, {REDACTED}, --assetIndex, 1.7.10, --assetsDir, /Users/adamwarren/.gradle/caches/minecraft/assets, --version, 1.7.10]
[12:27:11] [main/INFO] [LaunchWrapper]: Loading tweak class name cpw.mods.fml.common.launcher.FMLTweaker
[12:27:11] [main/INFO] [LaunchWrapper]: Using primary tweak class name cpw.mods.fml.common.launcher.FMLTweaker
[12:27:11] [main/INFO] [LaunchWrapper]: Calling tweak class cpw.mods.fml.common.launcher.FMLTweaker
[12:29:41] [main/INFO] [GradleStart]: No arguments specified, assuming client.
[12:29:41] [main/INFO] [GradleStart]: Extra: []
[12:29:41] [main/INFO] [GradleStart]: Running with arguments: [--userProperties, {}, --username, ForgeDevName, --tweakClass, cpw.mods.fml.common.launcher.FMLTweaker, --accessToken, {REDACTED}, --assetIndex, 1.7.10, --assetsDir, /Users/adamwarren/.gradle/caches/minecraft/assets, --version, 1.7.10]
[12:29:41] [main/INFO] [LaunchWrapper]: Loading tweak class name cpw.mods.fml.common.launcher.FMLTweaker
[12:29:41] [main/INFO] [LaunchWrapper]: Using primary tweak class name cpw.mods.fml.common.launcher.FMLTweaker
[12:29:41] [main/INFO] [LaunchWrapper]: Calling tweak class cpw.mods.fml.common.launcher.FMLTweaker
[12:31:56] [main/INFO] [GradleStart]: No arguments specified, assuming client.
[12:31:56] [main/INFO] [GradleStart]: Extra: []
[12:31:56] [main/INFO] [GradleStart]: Running with arguments: [--userProperties, {}, --username, ForgeDevName, --tweakClass, cpw.mods.fml.common.launcher.FMLTweaker, --accessToken, {REDACTED}, --assetIndex, 1.7.10, --assetsDir, /Users/adamwarren/.gradle/caches/minecraft/assets, --version, 1.7.10]
[12:31:56] [main/INFO] [LaunchWrapper]: Loading tweak class name cpw.mods.fml.common.launcher.FMLTweaker
[12:31:56] [main/INFO] [LaunchWrapper]: Using primary tweak class name cpw.mods.fml.common.launcher.FMLTweaker
[12:31:56] [main/INFO] [LaunchWrapper]: Calling tweak class cpw.mods.fml.common.launcher.FMLTweaker
[13:14:09] [main/INFO] [GradleStart]: No arguments specified, assuming client.
[13:14:09] [main/INFO] [GradleStart]: Extra: []
[13:14:09] [main/INFO] [GradleStart]: Running with arguments: [--userProperties, {}, --username, ForgeDevName, --tweakClass, cpw.mods.fml.common.launcher.FMLTweaker, --accessToken, {REDACTED}, --assetIndex, 1.7.10, --assetsDir, /Users/adamwarren/.gradle/caches/minecraft/assets, --version, 1.7.10]
[13:14:10] [main/INFO] [LaunchWrapper]: Loading tweak class name cpw.mods.fml.common.launcher.FMLTweaker
[13:14:10] [main/INFO] [LaunchWrapper]: Using primary tweak class name cpw.mods.fml.common.launcher.FMLTweaker
[13:14:10] [main/INFO] [LaunchWrapper]: Calling tweak class cpw.mods.fml.common.launcher.FMLTweaker
[13:15:20] [main/INFO] [GradleStart]: No arguments specified, assuming client.
[13:15:21] [main/INFO] [GradleStart]: Extra: []
[13:15:21] [main/INFO] [GradleStart]: Running with arguments: [--userProperties, {}, --username, ForgeDevName, --tweakClass, cpw.mods.fml.common.launcher.FMLTweaker, --accessToken, {REDACTED}, --assetIndex, 1.7.10, --assetsDir, /Users/adamwarren/.gradle/caches/minecraft/assets, --version, 1.7.10]
[13:15:21] [main/INFO] [LaunchWrapper]: Loading tweak class name cpw.mods.fml.common.launcher.FMLTweaker
[13:15:21] [main/INFO] [LaunchWrapper]: Using primary tweak class name cpw.mods.fml.common.launcher.FMLTweaker
[13:15:21] [main/INFO] [LaunchWrapper]: Calling tweak class cpw.mods.fml.common.launcher.FMLTweaker
[13:22:19] [main/INFO] [GradleStart]: No arguments specified, assuming client.
[13:22:19] [main/INFO] [GradleStart]: Extra: []
[13:22:19] [main/INFO] [GradleStart]: Running with arguments: [--userProperties, {}, --username, ForgeDevName, --tweakClass, cpw.mods.fml.common.launcher.FMLTweaker, --accessToken, {REDACTED}, --assetIndex, 1.7.10, --assetsDir, /Users/adamwarren/.gradle/caches/minecraft/assets, --version, 1.7.10]
[13:22:19] [main/INFO] [LaunchWrapper]: Loading tweak class name cpw.mods.fml.common.launcher.FMLTweaker
[13:22:19] [main/INFO] [LaunchWrapper]: Using primary tweak class name cpw.mods.fml.common.launcher.FMLTweaker
[13:22:19] [main/INFO] [LaunchWrapper]: Calling tweak class cpw.mods.fml.common.launcher.FMLTweaker
[13:34:58] [main/INFO] [GradleStart]: No arguments specified, assuming client.
[13:34:58] [main/INFO] [GradleStart]: Extra: []
[13:34:58] [main/INFO] [GradleStart]: Running with arguments: [--userProperties, {}, --username, ForgeDevName, --tweakClass, cpw.mods.fml.common.launcher.FMLTweaker, --accessToken, {REDACTED}, --assetIndex, 1.7.10, --assetsDir, /Users/adamwarren/.gradle/caches/minecraft/assets, --version, 1.7.10]
[13:34:58] [main/INFO] [LaunchWrapper]: Loading tweak class name cpw.mods.fml.common.launcher.FMLTweaker
[13:34:59] [main/INFO] [LaunchWrapper]: Using primary tweak class name cpw.mods.fml.common.launcher.FMLTweaker
[13:34:59] [main/INFO] [LaunchWrapper]: Calling tweak class cpw.mods.fml.common.launcher.FMLTweaker
[13:55:59] [main/INFO] [GradleStart]: No arguments specified, assuming client.
[13:55:59] [main/INFO] [GradleStart]: Extra: []
[13:55:59] [main/INFO] [GradleStart]: Running with arguments: [--userProperties, {}, --username, ForgeDevName, --tweakClass, cpw.mods.fml.common.launcher.FMLTweaker, --accessToken, {REDACTED}, --assetIndex, 1.7.10, --assetsDir, /Users/adamwarren/.gradle/caches/minecraft/assets, --version, 1.7.10]
[13:55:59] [main/INFO] [LaunchWrapper]: Loading tweak class name cpw.mods.fml.common.launcher.FMLTweaker
[13:55:59] [main/INFO] [LaunchWrapper]: Using primary tweak class name cpw.mods.fml.common.launcher.FMLTweaker
[13:55:59] [main/INFO] [LaunchWrapper]: Calling tweak class cpw.mods.fml.common.launcher.FMLTweaker
[14:16:07] [main/INFO] [GradleStart]: No arguments specified, assuming client.
[14:16:07] [main/INFO] [GradleStart]: Extra: []
[14:16:07] [main/INFO] [GradleStart]: Running with arguments: [--userProperties, {}, --username, ForgeDevName, --tweakClass, cpw.mods.fml.common.launcher.FMLTweaker, --accessToken, {REDACTED}, --assetIndex, 1.7.10, --assetsDir, /Users/adamwarren/.gradle/caches/minecraft/assets, --version, 1.7.10]
[14:16:07] [main/INFO] [LaunchWrapper]: Loading tweak class name cpw.mods.fml.common.launcher.FMLTweaker
[14:16:07] [main/INFO] [LaunchWrapper]: Using primary tweak class name cpw.mods.fml.common.launcher.FMLTweaker
[14:16:07] [main/INFO] [LaunchWrapper]: Calling tweak class cpw.mods.fml.common.launcher.FMLTweaker
[14:17:00] [main/INFO] [GradleStart]: No arguments specified, assuming client.
[14:17:00] [main/INFO] [GradleStart]: Extra: []
[14:17:00] [main/INFO] [GradleStart]: Running with arguments: [--userProperties, {}, --username, ForgeDevName, --tweakClass, cpw.mods.fml.common.launcher.FMLTweaker, --accessToken, {REDACTED}, --assetIndex, 1.7.10, --assetsDir, /Users/adamwarren/.gradle/caches/minecraft/assets, --version, 1.7.10]
[14:17:00] [main/INFO] [LaunchWrapper]: Loading tweak class name cpw.mods.fml.common.launcher.FMLTweaker
[14:17:00] [main/INFO] [LaunchWrapper]: Using primary tweak class name cpw.mods.fml.common.launcher.FMLTweaker
[14:17:00] [main/INFO] [LaunchWrapper]: Calling tweak class cpw.mods.fml.common.launcher.FMLTweaker
[14:31:37] [main/INFO] [GradleStart]: No arguments specified, assuming client.
[14:31:37] [main/INFO] [GradleStart]: Extra: []
[14:31:37] [main/INFO] [GradleStart]: Running with arguments: [--userProperties, {}, --username, ForgeDevName, --tweakClass, cpw.mods.fml.common.launcher.FMLTweaker, --accessToken, {REDACTED}, --assetIndex, 1.7.10, --assetsDir, /Users/adamwarren/.gradle/caches/minecraft/assets, --version, 1.7.10]
[14:31:37] [main/INFO] [LaunchWrapper]: Loading tweak class name cpw.mods.fml.common.launcher.FMLTweaker
[14:31:37] [main/INFO] [LaunchWrapper]: Using primary tweak class name cpw.mods.fml.common.launcher.FMLTweaker
[14:31:37] [main/INFO] [LaunchWrapper]: Calling tweak class cpw.mods.fml.common.launcher.FMLTweaker
[14:32:21] [main/INFO] [GradleStart]: No arguments specified, assuming client.
[14:32:21] [main/INFO] [GradleStart]: Extra: []
[14:32:21] [main/INFO] [GradleStart]: Running with arguments: [--userProperties, {}, --username, ForgeDevName, --tweakClass, cpw.mods.fml.common.launcher.FMLTweaker, --accessToken, {REDACTED}, --assetIndex, 1.7.10, --assetsDir, /Users/adamwarren/.gradle/caches/minecraft/assets, --version, 1.7.10]
[14:32:21] [main/INFO] [LaunchWrapper]: Loading tweak class name cpw.mods.fml.common.launcher.FMLTweaker
[14:32:21] [main/INFO] [LaunchWrapper]: Using primary tweak class name cpw.mods.fml.common.launcher.FMLTweaker
[14:32:21] [main/INFO] [LaunchWrapper]: Calling tweak class cpw.mods.fml.common.launcher.FMLTweaker
[14:45:31] [main/INFO] [GradleStart]: No arguments specified, assuming client.
[14:45:31] [main/INFO] [GradleStart]: Extra: []
[14:45:31] [main/INFO] [GradleStart]: Running with arguments: [--userProperties, {}, --username, ForgeDevName, --tweakClass, cpw.mods.fml.common.launcher.FMLTweaker, --accessToken, {REDACTED}, --assetIndex, 1.7.10, --assetsDir, /Users/adamwarren/.gradle/caches/minecraft/assets, --version, 1.7.10]
[14:45:31] [main/INFO] [LaunchWrapper]: Loading tweak class name cpw.mods.fml.common.launcher.FMLTweaker
[14:45:31] [main/INFO] [LaunchWrapper]: Using primary tweak class name cpw.mods.fml.common.launcher.FMLTweaker
[14:45:31] [main/INFO] [LaunchWrapper]: Calling tweak class cpw.mods.fml.common.launcher.FMLTweaker
[14:52:06] [main/INFO] [GradleStart]: assetIndex: 1.7.10
[14:52:06] [main/INFO] [GradleStart]: assetsDir: /Users/adamwarren/.gradle/caches/minecraft/assets
[14:52:06] [main/INFO] [GradleStart]: Extra: []
[14:52:06] [main/INFO] [GradleStart]: Running with arguments: [--userProperties, {}, --username, ForgeDevName, --tweakClass, cpw.mods.fml.common.launcher.FMLTweaker, --accessToken, {REDACTED}, --assetIndex, 1.7.10, --assetsDir, /Users/adamwarren/.gradle/caches/minecraft/assets, --version, 1.7.10]
[14:52:06] [main/INFO] [LaunchWrapper]: Loading tweak class name cpw.mods.fml.common.launcher.FMLTweaker
[14:52:06] [main/INFO] [LaunchWrapper]: Using primary tweak class name cpw.mods.fml.common.launcher.FMLTweaker
[14:52:06] [main/INFO] [LaunchWrapper]: Calling tweak class cpw.mods.fml.common.launcher.FMLTweaker
[15:20:37] [main/INFO] [GradleStart]: assetIndex: 1.7.10
[15:20:37] [main/INFO] [GradleStart]: assetsDir: /Users/adamwarren/.gradle/caches/minecraft/assets
[15:20:37] [main/INFO] [GradleStart]: Extra: []
[15:20:37] [main/INFO] [GradleStart]: Running with arguments: [--userProperties, {}, --username, ForgeDevName, --tweakClass, cpw.mods.fml.common.launcher.FMLTweaker, --accessToken, {REDACTED}, --assetIndex, 1.7.10, --assetsDir, /Users/adamwarren/.gradle/caches/minecraft/assets, --version, 1.7.10]
[15:20:37] [main/INFO] [LaunchWrapper]: Loading tweak class name cpw.mods.fml.common.launcher.FMLTweaker
[15:20:37] [main/INFO] [LaunchWrapper]: Using primary tweak class name cpw.mods.fml.common.launcher.FMLTweaker
[15:20:37] [main/INFO] [LaunchWrapper]: Calling tweak class cpw.mods.fml.common.launcher.FMLTweaker
[16:29:03] [main/INFO] [GradleStart]: assetIndex: 1.7.10
[16:29:03] [main/INFO] [GradleStart]: assetsDir: /Users/adamwarren/.gradle/caches/minecraft/assets
[16:29:03] [main/INFO] [GradleStart]: Extra: []
[16:29:03] [main/INFO] [GradleStart]: Running with arguments: [--userProperties, {}, --username, ForgeDevName, --tweakClass, cpw.mods.fml.common.launcher.FMLTweaker, --accessToken, {REDACTED}, --assetIndex, 1.7.10, --assetsDir, /Users/adamwarren/.gradle/caches/minecraft/assets, --version, 1.7.10]
[16:29:03] [main/INFO] [LaunchWrapper]: Loading tweak class name cpw.mods.fml.common.launcher.FMLTweaker
[16:29:03] [main/INFO] [LaunchWrapper]: Using primary tweak class name cpw.mods.fml.common.launcher.FMLTweaker
[16:29:03] [main/INFO] [LaunchWrapper]: Calling tweak class cpw.mods.fml.common.launcher.FMLTweaker
[16:31:42] [main/INFO] [GradleStart]: assetIndex: 1.7.10
[16:31:42] [main/INFO] [GradleStart]: assetsDir: /Users/adamwarren/.gradle/caches/minecraft/assets
[16:31:42] [main/INFO] [GradleStart]: Extra: []
[16:31:42] [main/INFO] [GradleStart]: Running with arguments: [--userProperties, {}, --username, ForgeDevName, --tweakClass, cpw.mods.fml.common.launcher.FMLTweaker, --accessToken, {REDACTED}, --assetIndex, 1.7.10, --assetsDir, /Users/adamwarren/.gradle/caches/minecraft/assets, --version, 1.7.10]
[16:31:42] [main/INFO] [LaunchWrapper]: Loading tweak class name cpw.mods.fml.common.launcher.FMLTweaker
[16:31:42] [main/INFO] [LaunchWrapper]: Using primary tweak class name cpw.mods.fml.common.launcher.FMLTweaker
[16:31:42] [main/INFO] [LaunchWrapper]: Calling tweak class cpw.mods.fml.common.launcher.FMLTweaker
[16:38:29] [main/INFO] [GradleStart]: assetIndex: 1.7.10
[16:38:29] [main/INFO] [GradleStart]: assetsDir: /Users/adamwarren/.gradle/caches/minecraft/assets
[16:38:29] [main/INFO] [GradleStart]: Extra: []
[16:38:29] [main/INFO] [GradleStart]: Running with arguments: [--userProperties, {}, --username, ForgeDevName, --tweakClass, cpw.mods.fml.common.launcher.FMLTweaker, --accessToken, {REDACTED}, --assetIndex, 1.7.10, --assetsDir, /Users/adamwarren/.gradle/caches/minecraft/assets, --version, 1.7.10]
[16:38:29] [main/INFO] [LaunchWrapper]: Loading tweak class name cpw.mods.fml.common.launcher.FMLTweaker
[16:38:29] [main/INFO] [LaunchWrapper]: Using primary tweak class name cpw.mods.fml.common.launcher.FMLTweaker
[16:38:29] [main/INFO] [LaunchWrapper]: Calling tweak class cpw.mods.fml.common.launcher.FMLTweaker
[17:31:05] [main/INFO] [GradleStart]: assetIndex: 1.7.10
[17:31:05] [main/INFO] [GradleStart]: assetsDir: /Users/adamwarren/.gradle/caches/minecraft/assets
[17:31:05] [main/INFO] [GradleStart]: Extra: []
[17:31:05] [main/INFO] [GradleStart]: Running with arguments: [--userProperties, {}, --username, ForgeDevName, --tweakClass, cpw.mods.fml.common.launcher.FMLTweaker, --accessToken, {REDACTED}, --assetIndex, 1.7.10, --assetsDir, /Users/adamwarren/.gradle/caches/minecraft/assets, --version, 1.7.10]
[17:31:05] [main/INFO] [LaunchWrapper]: Loading tweak class name cpw.mods.fml.common.launcher.FMLTweaker
[17:31:05] [main/INFO] [LaunchWrapper]: Using primary tweak class name cpw.mods.fml.common.launcher.FMLTweaker
[17:31:05] [main/INFO] [LaunchWrapper]: Calling tweak class cpw.mods.fml.common.launcher.FMLTweaker
[23:04:51] [main/INFO] [GradleStart]: assetIndex: 1.7.10
[23:04:51] [main/INFO] [GradleStart]: assetsDir: /Users/adamwarren/.gradle/caches/minecraft/assets
[23:04:51] [main/INFO] [GradleStart]: Extra: []
[23:04:51] [main/INFO] [GradleStart]: Running with arguments: [--userProperties, {}, --username, ForgeDevName, --tweakClass, cpw.mods.fml.common.launcher.FMLTweaker, --accessToken, {REDACTED}, --assetIndex, 1.7.10, --assetsDir, /Users/adamwarren/.gradle/caches/minecraft/assets, --version, 1.7.10]
[23:04:51] [main/INFO] [LaunchWrapper]: Loading tweak class name cpw.mods.fml.common.launcher.FMLTweaker
[23:04:51] [main/INFO] [LaunchWrapper]: Using primary tweak class name cpw.mods.fml.common.launcher.FMLTweaker
[23:04:51] [main/INFO] [LaunchWrapper]: Calling tweak class cpw.mods.fml.common.launcher.FMLTweaker
[23:06:04] [main/INFO] [GradleStart]: assetIndex: 1.7.10
[23:06:04] [main/INFO] [GradleStart]: assetsDir: /Users/adamwarren/.gradle/caches/minecraft/assets
[23:06:04] [main/INFO] [GradleStart]: Extra: []
[23:06:04] [main/INFO] [GradleStart]: Running with arguments: [--userProperties, {}, --username, ForgeDevName, --tweakClass, cpw.mods.fml.common.launcher.FMLTweaker, --accessToken, {REDACTED}, --assetIndex, 1.7.10, --assetsDir, /Users/adamwarren/.gradle/caches/minecraft/assets, --version, 1.7.10]
[23:06:04] [main/INFO] [LaunchWrapper]: Loading tweak class name cpw.mods.fml.common.launcher.FMLTweaker
[23:06:04] [main/INFO] [LaunchWrapper]: Using primary tweak class name cpw.mods.fml.common.launcher.FMLTweaker
[23:06:04] [main/INFO] [LaunchWrapper]: Calling tweak class cpw.mods.fml.common.launcher.FMLTweaker
[23:21:09] [main/INFO] [GradleStart]: assetIndex: 1.7.10
[23:21:09] [main/INFO] [GradleStart]: assetsDir: /Users/adamwarren/.gradle/caches/minecraft/assets
[23:21:09] [main/INFO] [GradleStart]: Extra: []
[23:21:09] [main/INFO] [GradleStart]: Running with arguments: [--userProperties, {}, --username, ForgeDevName, --tweakClass, cpw.mods.fml.common.launcher.FMLTweaker, --accessToken, {REDACTED}, --assetIndex, 1.7.10, --assetsDir, /Users/adamwarren/.gradle/caches/minecraft/assets, --version, 1.7.10]
[23:21:09] [main/INFO] [LaunchWrapper]: Loading tweak class name cpw.mods.fml.common.launcher.FMLTweaker
[23:21:09] [main/INFO] [LaunchWrapper]: Using primary tweak class name cpw.mods.fml.common.launcher.FMLTweaker
[23:21:09] [main/INFO] [LaunchWrapper]: Calling tweak class cpw.mods.fml.common.launcher.FMLTweaker
[18:57:02] [main/INFO] [GradleStart]: No arguments specified, assuming client.
[18:57:02] [main/INFO] [GradleStart]: Extra: []
[18:57:02] [main/INFO] [GradleStart]: Running with arguments: [--userProperties, {}, --username, ForgeDevName, --tweakClass, cpw.mods.fml.common.launcher.FMLTweaker, --accessToken, {REDACTED}, --assetIndex, 1.7.10, --assetsDir, /Users/adamwarren/.gradle/caches/minecraft/assets, --version, 1.7.10]
[18:57:02] [main/INFO] [LaunchWrapper]: Loading tweak class name cpw.mods.fml.common.launcher.FMLTweaker
[18:57:03] [main/INFO] [LaunchWrapper]: Using primary tweak class name cpw.mods.fml.common.launcher.FMLTweaker
[18:57:03] [main/INFO] [LaunchWrapper]: Calling tweak class cpw.mods.fml.common.launcher.FMLTweaker
[19:04:31] [main/INFO] [GradleStart]: No arguments specified, assuming client.
[19:04:31] [main/INFO] [GradleStart]: Extra: []
[19:04:31] [main/INFO] [GradleStart]: Running with arguments: [--userProperties, {}, --username, ForgeDevName, --tweakClass, cpw.mods.fml.common.launcher.FMLTweaker, --accessToken, {REDACTED}, --assetIndex, 1.7.10, --assetsDir, /Users/adamwarren/.gradle/caches/minecraft/assets, --version, 1.7.10]
[19:04:31] [main/INFO] [LaunchWrapper]: Loading tweak class name cpw.mods.fml.common.launcher.FMLTweaker
[19:04:31] [main/INFO] [LaunchWrapper]: Using primary tweak class name cpw.mods.fml.common.launcher.FMLTweaker
[19:04:31] [main/INFO] [LaunchWrapper]: Calling tweak class cpw.mods.fml.common.launcher.FMLTweaker
[19:39:00] [main/INFO] [GradleStart]: username: rocket9234@sky.com
[19:39:00] [main/INFO] [GradleStart]: Extra: []
[19:39:00] [main/INFO] [GradleStart]: Password found, attempting login
[19:39:02] [main/ERROR] [GradleStart]: -- Login failed!  Invalid credentials. Invalid username or password.
[19:39:31] [main/INFO] [GradleStart]: username: rocket9234@sky.com
[19:39:31] [main/INFO] [GradleStart]: Extra: []
[19:39:31] [main/INFO] [GradleStart]: Password found, attempting login
[19:39:32] [main/INFO] [GradleStart]: Login Succesful!
[19:39:32] [main/INFO] [GradleStart]: Running with arguments: [--userProperties, {twitch_access_token=[com.mojang.authlib.properties.Property@6bd38b87]}, --username, Fail_or_Fail, --tweakClass, cpw.mods.fml.common.launcher.FMLTweaker, --accessToken, {REDACTED}, --assetIndex, 1.7.10, --uuid, a4d20c98ba684b73a262e5bb87afc9db, --assetsDir, /Users/adamwarren/.gradle/caches/minecraft/assets, --version, 1.7.10]
[19:39:32] [main/INFO] [LaunchWrapper]: Loading tweak class name cpw.mods.fml.common.launcher.FMLTweaker
[19:39:32] [main/INFO] [LaunchWrapper]: Using primary tweak class name cpw.mods.fml.common.launcher.FMLTweaker
[19:39:32] [main/INFO] [LaunchWrapper]: Calling tweak class cpw.mods.fml.common.launcher.FMLTweaker
